# JRE version: OpenJDK Runtime Environment Temurin-17.0.3+7 (17.0.3+7) (build 17.0.3+7)
# Java VM: OpenJDK 64-Bit Server VM Temurin-17.0.3+7 (17.0.3+7, mixed mode, emulated-client, tiered, compressed oops, compressed class ptrs, g1 gc, windows-amd64)
GC Precious Log:
 CPUs: 4 total, 4 available
 Memory: 16054M
 Large Page Support: Disabled
 NUMA Support: Disabled
 Compressed Oops: Enabled (Zero based)
 Heap Region Size: 2M
 Heap Min Capacity: 8M
 Heap Initial Capacity: 252M
 Heap Max Capacity: 4014M
 Pre-touch: Disabled
 Parallel Workers: 4
 Concurrent Workers: 1
 Concurrent Refinement Workers: 4
 Periodic GC: Disabled
Heap:
 garbage-first heap   total 90112K, used 26092K [0x0000000705200000, 0x0000000800000000)
  region size 2048K, 1 young (2048K), 0 survivors (0K)
 Metaspace       used 51871K, committed 52416K, reserved 1097728K
  class space    used 6769K, committed 6976K, reserved 1048576K
GC Heap History (20 events):
Event: 2612.072 GC heap before
{Heap before GC invocations=243 (full 213):
 garbage-first heap   total 90112K, used 26101K [0x0000000705200000, 0x0000000800000000)
  region size 2048K, 1 young (2048K), 0 survivors (0K)
 Metaspace       used 51871K, committed 52416K, reserved 1097728K
  class space    used 6769K, committed 6976K, reserved 1048576K
}
Event: 2612.108 GC heap after
{Heap after GC invocations=244 (full 214):
 garbage-first heap   total 90112K, used 26101K [0x0000000705200000, 0x0000000800000000)
  region size 2048K, 0 young (0K), 0 survivors (0K)
 Metaspace       used 51871K, committed 52416K, reserved 1097728K
  class space    used 6769K, committed 6976K, reserved 1048576K
}
Event: 2622.346 GC heap before
{Heap before GC invocations=244 (full 214):
 garbage-first heap   total 90112K, used 26101K [0x0000000705200000, 0x0000000800000000)
  region size 2048K, 1 young (2048K), 0 survivors (0K)
 Metaspace       used 51871K, committed 52416K, reserved 1097728K
  class space    used 6769K, committed 6976K, reserved 1048576K
}
Event: 2622.398 GC heap after
{Heap after GC invocations=245 (full 215):
 garbage-first heap   total 90112K, used 26101K [0x0000000705200000, 0x0000000800000000)
  region size 2048K, 0 young (0K), 0 survivors (0K)
 Metaspace       used 51871K, committed 52416K, reserved 1097728K
  class space    used 6769K, committed 6976K, reserved 1048576K
}
Event: 2632.621 GC heap before
{Heap before GC invocations=245 (full 215):
 garbage-first heap   total 90112K, used 26101K [0x0000000705200000, 0x0000000800000000)
  region size 2048K, 1 young (2048K), 0 survivors (0K)
 Metaspace       used 51871K, committed 52416K, reserved 1097728K
  class space    used 6769K, committed 6976K, reserved 1048576K
}
Event: 2632.676 GC heap after
{Heap after GC invocations=246 (full 216):
 garbage-first heap   total 90112K, used 26092K [0x0000000705200000, 0x0000000800000000)
  region size 2048K, 0 young (0K), 0 survivors (0K)
 Metaspace       used 51871K, committed 52416K, reserved 1097728K
  class space    used 6769K, committed 6976K, reserved 1048576K
}
Event: 2642.920 GC heap before
{Heap before GC invocations=246 (full 216):
 garbage-first heap   total 90112K, used 26092K [0x0000000705200000, 0x0000000800000000)
  region size 2048K, 1 young (2048K), 0 survivors (0K)
 Metaspace       used 51871K, committed 52416K, reserved 1097728K
  class space    used 6769K, committed 6976K, reserved 1048576K
}
Event: 2642.972 GC heap after
{Heap after GC invocations=247 (full 217):
 garbage-first heap   total 90112K, used 26092K [0x0000000705200000, 0x0000000800000000)
  region size 2048K, 0 young (0K), 0 survivors (0K)
 Metaspace       used 51871K, committed 52416K, reserved 1097728K
  class space    used 6769K, committed 6976K, reserved 1048576K
}
Event: 2653.213 GC heap before
{Heap before GC invocations=247 (full 217):
 garbage-first heap   total 90112K, used 26092K [0x0000000705200000, 0x0000000800000000)
  region size 2048K, 1 young (2048K), 0 survivors (0K)
 Metaspace       used 51871K, committed 52416K, reserved 1097728K
  class space    used 6769K, committed 6976K, reserved 1048576K
}
Event: 2653.266 GC heap after
{Heap after GC invocations=248 (full 218):
 garbage-first heap   total 90112K, used 26092K [0x0000000705200000, 0x0000000800000000)
  region size 2048K, 0 young (0K), 0 survivors (0K)
 Metaspace       used 51871K, committed 52416K, reserved 1097728K
  class space    used 6769K, committed 6976K, reserved 1048576K
}
Event: 2663.520 GC heap before
{Heap before GC invocations=248 (full 218):
 garbage-first heap   total 90112K, used 26092K [0x0000000705200000, 0x0000000800000000)
  region size 2048K, 1 young (2048K), 0 survivors (0K)
 Metaspace       used 51871K, committed 52416K, reserved 1097728K
  class space    used 6769K, committed 6976K, reserved 1048576K
}
Event: 2663.572 GC heap after
{Heap after GC invocations=249 (full 219):
 garbage-first heap   total 90112K, used 26092K [0x0000000705200000, 0x0000000800000000)
  region size 2048K, 0 young (0K), 0 survivors (0K)
 Metaspace       used 51871K, committed 52416K, reserved 1097728K
  class space    used 6769K, committed 6976K, reserved 1048576K
}
Event: 2673.831 GC heap before
{Heap before GC invocations=249 (full 219):
 garbage-first heap   total 90112K, used 26092K [0x0000000705200000, 0x0000000800000000)
  region size 2048K, 1 young (2048K), 0 survivors (0K)
 Metaspace       used 51871K, committed 52416K, reserved 1097728K
  class space    used 6769K, committed 6976K, reserved 1048576K
}
Event: 2673.887 GC heap after
{Heap after GC invocations=250 (full 220):
 garbage-first heap   total 90112K, used 26092K [0x0000000705200000, 0x0000000800000000)
  region size 2048K, 0 young (0K), 0 survivors (0K)
 Metaspace       used 51871K, committed 52416K, reserved 1097728K
  class space    used 6769K, committed 6976K, reserved 1048576K
}
Event: 2684.089 GC heap before
{Heap before GC invocations=250 (full 220):
 garbage-first heap   total 90112K, used 26092K [0x0000000705200000, 0x0000000800000000)
  region size 2048K, 1 young (2048K), 0 survivors (0K)
 Metaspace       used 51871K, committed 52416K, reserved 1097728K
  class space    used 6769K, committed 6976K, reserved 1048576K
}
Event: 2684.141 GC heap after
{Heap after GC invocations=251 (full 221):
 garbage-first heap   total 90112K, used 26092K [0x0000000705200000, 0x0000000800000000)
  region size 2048K, 0 young (0K), 0 survivors (0K)
 Metaspace       used 51871K, committed 52416K, reserved 1097728K
  class space    used 6769K, committed 6976K, reserved 1048576K
}
Event: 2694.355 GC heap before
{Heap before GC invocations=251 (full 221):
 garbage-first heap   total 90112K, used 26092K [0x0000000705200000, 0x0000000800000000)
  region size 2048K, 1 young (2048K), 0 survivors (0K)
 Metaspace       used 51871K, committed 52416K, reserved 1097728K
  class space    used 6769K, committed 6976K, reserved 1048576K
}
Event: 2694.396 GC heap after
{Heap after GC invocations=252 (full 222):
 garbage-first heap   total 90112K, used 26092K [0x0000000705200000, 0x0000000800000000)
  region size 2048K, 0 young (0K), 0 survivors (0K)
 Metaspace       used 51871K, committed 52416K, reserved 1097728K
  class space    used 6769K, committed 6976K, reserved 1048576K
}
Event: 2704.579 GC heap before
{Heap before GC invocations=252 (full 222):
 garbage-first heap   total 90112K, used 26092K [0x0000000705200000, 0x0000000800000000)
  region size 2048K, 1 young (2048K), 0 survivors (0K)
 Metaspace       used 51871K, committed 52416K, reserved 1097728K
  class space    used 6769K, committed 6976K, reserved 1048576K
}
Event: 2704.617 GC heap after
{Heap after GC invocations=253 (full 223):
 garbage-first heap   total 90112K, used 26092K [0x0000000705200000, 0x0000000800000000)
  region size 2048K, 0 young (0K), 0 survivors (0K)
 Metaspace       used 51871K, committed 52416K, reserved 1097728K
  class space    used 6769K, committed 6976K, reserved 1048576K
}

